<?xml version="1.0" encoding="UTF-8"?>
<testsuite xmlns:xsi="http://www.w3.org/2001/XMLSchema-instance" xsi:noNamespaceSchemaLocation="https://maven.apache.org/surefire/maven-surefire-plugin/xsd/surefire-test-report-3.0.xsd" version="3.0" name="runners.TestRunner" time="4.983" tests="1" errors="0" skipped="0" failures="0">
  <properties>
[...]
</properties>
  <testcase name="User logs in successfully" classname="Login Functionality" time="4.205">
    <system-out><![CDATA[
Scenario: User logs in successfully        # src/test/resources/FeatureFiles/login.feature:3
  Given I launch the application           # StepDefination.StepDefination.i_launch_the_application()
  When I enter valid username and password # StepDefination.StepDefination.i_enter_valid_username_and_password()
Login successful.
  Then I should be logged in successfully  # StepDefination.StepDefination.i_should_be_logged_in_successfully()
]]></system-out>
    <system-err><![CDATA[Feb 22, 2025 8:37:18 PM org.openqa.selenium.devtools.CdpVersionFinder findNearestMatch
WARNING: Unable to find CDP implementation matching 133
Feb 22, 2025 8:37:18 PM org.openqa.selenium.chromium.ChromiumDriver lambda$new$5
WARNING: Unable to find version of CDP to use for 133.0.6943.127. You may need to include a dependency on a specific version of the CDP using something similar to `org.seleniumhq.selenium:selenium-devtools-v86:4.16.1` where the version ("v86") matches the version of the chromium-based browser you're using and the version number of the artifact is the same as Selenium's.
]]></system-err>
  </testcase>
</testsuite>